Samples/XrSamples/XrPassthrough/Projects/Android/build/intermediates/manifest_merge_blame_file/debug/manifest-merger-blame-debug-report.txt
1<?xml version="1.0" encoding="utf-8"?>
2<manifest xmlns:android="http://schemas.android.com/apk/res/android"
3    package="com.oculus.xrpassthrough"
4    android:installLocation="auto"
5    android:versionCode="1"
6    android:versionName="1.0" >
7
8    <uses-sdk
9        android:minSdkVersion="26"
9-->Projects\Android\AndroidManifest.xml
10        android:targetSdkVersion="32" />
10-->Projects\Android\AndroidManifest.xml
11    <!-- Tell the system this app requires OpenGL ES 3.1. -->
12    <uses-feature
12-->Projects\Android\AndroidManifest.xml:10:3-13:9
13        android:glEsVersion="0x00030001"
13-->Projects\Android\AndroidManifest.xml:11:7-39
14        android:required="true" />
14-->Projects\Android\AndroidManifest.xml:12:7-30
15    <uses-feature
15-->Projects\Android\AndroidManifest.xml:14:3-17:9
16        android:name="android.hardware.vr.headtracking"
16-->Projects\Android\AndroidManifest.xml:15:7-54
17        android:required="true" />
17-->Projects\Android\AndroidManifest.xml:16:7-30
18    <uses-feature
18-->Projects\Android\AndroidManifest.xml:18:3-21:9
19        android:name="com.oculus.feature.PASSTHROUGH"
19-->Projects\Android\AndroidManifest.xml:19:7-52
20        android:required="true" />
20-->Projects\Android\AndroidManifest.xml:20:7-30
21
22    <uses-permission android:name="org.khronos.openxr.permission.OPENXR" />
22-->[org.khronos.openxr:openxr_loader_for_android:1.1.46] AndroidManifest.xml:13:3-74
22-->[org.khronos.openxr:openxr_loader_for_android:1.1.46] AndroidManifest.xml:13:20-71
23    <uses-permission android:name="org.khronos.openxr.permission.OPENXR_SYSTEM" />
23-->[org.khronos.openxr:openxr_loader_for_android:1.1.46] AndroidManifest.xml:14:3-81
23-->[org.khronos.openxr:openxr_loader_for_android:1.1.46] AndroidManifest.xml:14:20-78
24
25    <queries>
25-->[org.khronos.openxr:openxr_loader_for_android:1.1.46] AndroidManifest.xml:16:3-27:13
26
27        <!-- to talk to the broker -->
28        <provider android:authorities="org.khronos.openxr.runtime_broker;org.khronos.openxr.system_runtime_broker" />
28-->[org.khronos.openxr:openxr_loader_for_android:1.1.46] AndroidManifest.xml:18:5-114
28-->[org.khronos.openxr:openxr_loader_for_android:1.1.46] AndroidManifest.xml:18:15-111
29
30        <!-- so client-side code of runtime/layers can talk to their service sides -->
31        <intent>
31-->[org.khronos.openxr:openxr_loader_for_android:1.1.46] AndroidManifest.xml:21:5-23:14
32            <action android:name="org.khronos.openxr.OpenXRRuntimeService" />
32-->[org.khronos.openxr:openxr_loader_for_android:1.1.46] AndroidManifest.xml:22:7-72
32-->[org.khronos.openxr:openxr_loader_for_android:1.1.46] AndroidManifest.xml:22:15-69
33        </intent>
34        <intent>
34-->[org.khronos.openxr:openxr_loader_for_android:1.1.46] AndroidManifest.xml:24:5-26:14
35            <action android:name="org.khronos.openxr.OpenXRApiLayerService" />
35-->[org.khronos.openxr:openxr_loader_for_android:1.1.46] AndroidManifest.xml:25:7-73
35-->[org.khronos.openxr:openxr_loader_for_android:1.1.46] AndroidManifest.xml:25:15-70
36        </intent>
37    </queries>
38
39    <application
39-->Projects\Android\AndroidManifest.xml:22:3-55:17
40        android:allowBackup="false"
40-->Projects\Android\AndroidManifest.xml:23:7-34
41        android:debuggable="true"
42        android:extractNativeLibs="false"
43        android:label="xrpassthrough" >
43-->Projects\Android\AndroidManifest.xml:24:7-36
44        <meta-data
44-->Projects\Android\AndroidManifest.xml:26:5-29:11
45            android:name="com.oculus.supportedDevices"
45-->Projects\Android\AndroidManifest.xml:27:9-51
46            android:value="all" />
46-->Projects\Android\AndroidManifest.xml:28:9-28
47        <!--
48         launchMode is set to singleTask because there should never be multiple copies of the
49            app running
50        -->
51        <!--
52         Theme.Black.NoTitleBar.Fullscreen gives solid black instead of a (bad stereoscopic)
53            gradient on app transition
54        -->
55        <activity
55-->Projects\Android\AndroidManifest.xml:34:5-54:16
56            android:name="com.oculus.NativeActivity"
56-->Projects\Android\AndroidManifest.xml:35:9-49
57            android:configChanges="screenSize|screenLayout|orientation|keyboardHidden|keyboard|navigation|uiMode"
57-->Projects\Android\AndroidManifest.xml:40:9-110
58            android:excludeFromRecents="false"
58-->Projects\Android\AndroidManifest.xml:39:9-43
59            android:exported="true"
59-->Projects\Android\AndroidManifest.xml:41:9-32
60            android:launchMode="singleTask"
60-->Projects\Android\AndroidManifest.xml:37:9-40
61            android:screenOrientation="landscape"
61-->Projects\Android\AndroidManifest.xml:38:9-46
62            android:theme="@android:style/Theme.Black.NoTitleBar.Fullscreen" >
62-->Projects\Android\AndroidManifest.xml:36:9-73
63
64            <!-- Tell NativeActivity the name of the .so -->
65            <meta-data
65-->Projects\Android\AndroidManifest.xml:44:7-47:13
66                android:name="android.app.lib_name"
66-->Projects\Android\AndroidManifest.xml:45:11-46
67                android:value="xrpassthrough" />
67-->Projects\Android\AndroidManifest.xml:46:11-40
68            <!-- This filter lets the apk show up as a launchable icon. -->
69            <intent-filter>
69-->Projects\Android\AndroidManifest.xml:49:7-53:23
70                <action android:name="android.intent.action.MAIN" />
70-->Projects\Android\AndroidManifest.xml:50:9-61
70-->Projects\Android\AndroidManifest.xml:50:17-58
71
72                <category android:name="org.khronos.openxr.intent.category.IMMERSIVE_HMD" />
72-->Projects\Android\AndroidManifest.xml:51:9-85
72-->Projects\Android\AndroidManifest.xml:51:19-82
73                <category android:name="android.intent.category.LAUNCHER" />
73-->Projects\Android\AndroidManifest.xml:52:9-69
73-->Projects\Android\AndroidManifest.xml:52:19-66
74            </intent-filter>
75        </activity>
76    </application>
77
78</manifest>